This file contains any messages produced by compilers while
running configure, to aid debugging if configure makes a mistake.

It was created by kiwixnormalizer configure 0.1, which was
generated by GNU Autoconf 2.59.  Invocation command line was

  $ ./configure --no-create --no-recursion

## --------- ##
## Platform. ##
## --------- ##

hostname = fcoulon-desktop
uname -m = i686
uname -r = 2.6.15-27-386
uname -s = Linux
uname -v = #1 PREEMPT Fri Dec 8 17:51:56 UTC 2006

/usr/bin/uname -p = unknown
/bin/uname -X     = unknown

/bin/arch              = i686
/usr/bin/arch -k       = unknown
/usr/convex/getsysinfo = unknown
hostinfo               = unknown
/bin/machine           = unknown
/usr/bin/oslevel       = unknown
/bin/universe          = unknown

PATH: /usr/local/sbin
PATH: /usr/local/bin
PATH: /usr/sbin
PATH: /usr/bin
PATH: /sbin
PATH: /bin
PATH: /usr/bin/X11
PATH: /usr/games


## ----------- ##
## Core tests. ##
## ----------- ##

configure:1310: checking build system type
configure:1328: result: i686-pc-linux-gnu
configure:1336: checking host system type
configure:1350: result: i686-pc-linux-gnu
configure:1358: checking target system type
configure:1372: result: i686-pc-linux-gnu
configure:1401: checking for a BSD-compatible install
configure:1456: result: /usr/bin/install -c
configure:1467: checking whether build environment is sane
configure:1510: result: yes
configure:1525: checking whether make sets $(MAKE)
configure:1545: result: yes
configure:1577: checking for working aclocal-1.4
configure:1584: result: found
configure:1592: checking for working autoconf
configure:1599: result: found
configure:1607: checking for working automake-1.4
configure:1614: result: found
configure:1622: checking for working autoheader
configure:1629: result: found
configure:1637: checking for working makeinfo
configure:1648: result: missing
configure:1700: checking for gcc
configure:1716: found /usr/bin/gcc
configure:1726: result: gcc
configure:1970: checking for C compiler version
configure:1973: gcc --version </dev/null >&5
gcc (GCC) 4.0.3 (Ubuntu 4.0.3-1ubuntu5)
Copyright (C) 2006 Free Software Foundation, Inc.
This is free software; see the source for copying conditions.  There is NO
warranty; not even for MERCHANTABILITY or FITNESS FOR A PARTICULAR PURPOSE.

configure:1976: $? = 0
configure:1978: gcc -v </dev/null >&5
Using built-in specs.
Target: i486-linux-gnu
Configured with: ../src/configure -v --enable-languages=c,c++,java,f95,objc,ada,treelang --prefix=/usr --enable-shared --with-system-zlib --libexecdir=/usr/lib --without-included-gettext --enable-threads=posix --enable-nls --program-suffix=-4.0 --enable-__cxa_atexit --enable-clocale=gnu --enable-libstdcxx-debug --enable-java-awt=gtk-default --enable-gtk-cairo --with-java-home=/usr/lib/jvm/java-1.4.2-gcj-4.0-1.4.2.0/jre --enable-mpfr --disable-werror --with-tune=pentium4 --enable-checking=release i486-linux-gnu
Thread model: posix
gcc version 4.0.3 (Ubuntu 4.0.3-1ubuntu5)
configure:1981: $? = 0
configure:1983: gcc -V </dev/null >&5
gcc: '-V' option must have argument
configure:1986: $? = 1
configure:2009: checking for C compiler default output file name
configure:2012: gcc    conftest.c  >&5
configure:2015: $? = 0
configure:2061: result: a.out
configure:2066: checking whether the C compiler works
configure:2072: ./a.out
configure:2075: $? = 0
configure:2092: result: yes
configure:2099: checking whether we are cross compiling
configure:2101: result: no
configure:2104: checking for suffix of executables
configure:2106: gcc -o conftest    conftest.c  >&5
configure:2109: $? = 0
configure:2134: result: 
configure:2140: checking for suffix of object files
configure:2161: gcc -c   conftest.c >&5
configure:2164: $? = 0
configure:2186: result: o
configure:2190: checking whether we are using the GNU C compiler
configure:2214: gcc -c   conftest.c >&5
configure:2220: $? = 0
configure:2223: test -z 			 || test ! -s conftest.err
configure:2226: $? = 0
configure:2229: test -s conftest.o
configure:2232: $? = 0
configure:2245: result: yes
configure:2251: checking whether gcc accepts -g
configure:2272: gcc -c -g  conftest.c >&5
configure:2278: $? = 0
configure:2281: test -z 			 || test ! -s conftest.err
configure:2284: $? = 0
configure:2287: test -s conftest.o
configure:2290: $? = 0
configure:2301: result: yes
configure:2318: checking for gcc option to accept ANSI C
configure:2388: gcc  -c -g -O2  conftest.c >&5
configure:2394: $? = 0
configure:2397: test -z 			 || test ! -s conftest.err
configure:2400: $? = 0
configure:2403: test -s conftest.o
configure:2406: $? = 0
configure:2424: result: none needed
configure:2442: gcc -c -g -O2  conftest.c >&5
conftest.c:2: error: syntax error before 'me'
configure:2448: $? = 1
configure: failed program was:
| #ifndef __cplusplus
|   choke me
| #endif
configure:2630: checking for g++
configure:2646: found /usr/bin/g++
configure:2656: result: g++
configure:2672: checking for C++ compiler version
configure:2675: g++ --version </dev/null >&5
g++ (GCC) 4.0.3 (Ubuntu 4.0.3-1ubuntu5)
Copyright (C) 2006 Free Software Foundation, Inc.
This is free software; see the source for copying conditions.  There is NO
warranty; not even for MERCHANTABILITY or FITNESS FOR A PARTICULAR PURPOSE.

configure:2678: $? = 0
configure:2680: g++ -v </dev/null >&5
Using built-in specs.
Target: i486-linux-gnu
Configured with: ../src/configure -v --enable-languages=c,c++,java,f95,objc,ada,treelang --prefix=/usr --enable-shared --with-system-zlib --libexecdir=/usr/lib --without-included-gettext --enable-threads=posix --enable-nls --program-suffix=-4.0 --enable-__cxa_atexit --enable-clocale=gnu --enable-libstdcxx-debug --enable-java-awt=gtk-default --enable-gtk-cairo --with-java-home=/usr/lib/jvm/java-1.4.2-gcj-4.0-1.4.2.0/jre --enable-mpfr --disable-werror --with-tune=pentium4 --enable-checking=release i486-linux-gnu
Thread model: posix
gcc version 4.0.3 (Ubuntu 4.0.3-1ubuntu5)
configure:2683: $? = 0
configure:2685: g++ -V </dev/null >&5
g++: '-V' option must have argument
configure:2688: $? = 1
configure:2691: checking whether we are using the GNU C++ compiler
configure:2715: g++ -c   conftest.cc >&5
configure:2721: $? = 0
configure:2724: test -z 			 || test ! -s conftest.err
configure:2727: $? = 0
configure:2730: test -s conftest.o
configure:2733: $? = 0
configure:2746: result: yes
configure:2752: checking whether g++ accepts -g
configure:2773: g++ -c -g  conftest.cc >&5
configure:2779: $? = 0
configure:2782: test -z 			 || test ! -s conftest.err
configure:2785: $? = 0
configure:2788: test -s conftest.o
configure:2791: $? = 0
configure:2802: result: yes
configure:2844: g++ -c -g -O2  conftest.cc >&5
configure:2850: $? = 0
configure:2853: test -z 			 || test ! -s conftest.err
configure:2856: $? = 0
configure:2859: test -s conftest.o
configure:2862: $? = 0
configure:2888: g++ -c -g -O2  conftest.cc >&5
conftest.cc: In function 'int main()':
conftest.cc:15: error: 'exit' was not declared in this scope
configure:2894: $? = 1
configure: failed program was:
| /* confdefs.h.  */
| 
| #define PACKAGE_NAME "kiwixnormalizer"
| #define PACKAGE_TARNAME "kiwixnormalizer"
| #define PACKAGE_VERSION "0.1"
| #define PACKAGE_STRING "kiwixnormalizer 0.1"
| #define PACKAGE_BUGREPORT ""
| #define PACKAGE "kiwixnormalizer"
| #define VERSION "0.1"
| /* end confdefs.h.  */
| 
| int
| main ()
| {
| exit (42);
|   ;
|   return 0;
| }
configure:2844: g++ -c -g -O2  conftest.cc >&5
configure:2850: $? = 0
configure:2853: test -z 			 || test ! -s conftest.err
configure:2856: $? = 0
configure:2859: test -s conftest.o
configure:2862: $? = 0
configure:2888: g++ -c -g -O2  conftest.cc >&5
configure:2894: $? = 0
configure:2897: test -z 			 || test ! -s conftest.err
configure:2900: $? = 0
configure:2903: test -s conftest.o
configure:2906: $? = 0
configure:2942: checking for a BSD-compatible install
configure:2997: result: /usr/bin/install -c
configure:3057: checking for pkg-config
configure:3073: found /usr/bin/pkg-config
configure:3083: result: pkg-config
configure:3238: creating ./config.status

## ---------------- ##
## Cache variables. ##
## ---------------- ##

ac_cv_build=i686-pc-linux-gnu
ac_cv_build_alias=i686-pc-linux-gnu
ac_cv_c_compiler_gnu=yes
ac_cv_cxx_compiler_gnu=yes
ac_cv_env_CC_set=
ac_cv_env_CC_value=
ac_cv_env_CFLAGS_set=
ac_cv_env_CFLAGS_value=
ac_cv_env_CPPFLAGS_set=
ac_cv_env_CPPFLAGS_value=
ac_cv_env_CXXFLAGS_set=
ac_cv_env_CXXFLAGS_value=
ac_cv_env_CXX_set=
ac_cv_env_CXX_value=
ac_cv_env_LDFLAGS_set=
ac_cv_env_LDFLAGS_value=
ac_cv_env_build_alias_set=
ac_cv_env_build_alias_value=
ac_cv_env_host_alias_set=
ac_cv_env_host_alias_value=
ac_cv_env_target_alias_set=
ac_cv_env_target_alias_value=
ac_cv_exeext=
ac_cv_host=i686-pc-linux-gnu
ac_cv_host_alias=i686-pc-linux-gnu
ac_cv_objext=o
ac_cv_path_install='/usr/bin/install -c'
ac_cv_prog_ac_ct_CC=gcc
ac_cv_prog_ac_ct_CXX=g++
ac_cv_prog_ac_ct_HAVE_PKG=pkg-config
ac_cv_prog_cc_g=yes
ac_cv_prog_cc_stdc=
ac_cv_prog_cxx_g=yes
ac_cv_prog_make_make_set=yes
ac_cv_target=i686-pc-linux-gnu
ac_cv_target_alias=i686-pc-linux-gnu

## ----------------- ##
## Output variables. ##
## ----------------- ##

ACLOCAL='aclocal-1.4'
AUTOCONF='autoconf'
AUTOHEADER='autoheader'
AUTOMAKE='automake-1.4'
CC='gcc'
CFLAGS='-g -O2 -ggdb -I/usr/include/glib-2.0 -I/usr/lib/glib-2.0/include  '
CPPFLAGS=''
CXX='g++'
CXXFLAGS='-g -O2 -ggdb -I/usr/include/glib-2.0 -I/usr/lib/glib-2.0/include  '
DEFS='-DPACKAGE_NAME=\"kiwixnormalizer\" -DPACKAGE_TARNAME=\"kiwixnormalizer\" -DPACKAGE_VERSION=\"0.1\" -DPACKAGE_STRING=\"kiwixnormalizer\ 0.1\" -DPACKAGE_BUGREPORT=\"\" -DPACKAGE=\"kiwixnormalizer\" -DVERSION=\"0.1\" '
ECHO_C=''
ECHO_N='-n'
ECHO_T=''
EXEEXT=''
HAVE_PKG='pkg-config'
INSTALL_DATA='${INSTALL} -m 644'
INSTALL_PROGRAM='${INSTALL}'
INSTALL_SCRIPT='${INSTALL}'
LDFLAGS=''
LIBOBJS=''
LIBS=' -lglib-2.0   /usr/local/lib/libz.a'
LTLIBOBJS=''
MAKEINFO='/home/fcoulon/devel/kiwix-devel/kiwixbuilder/missing makeinfo'
OBJEXT='o'
PACKAGE='kiwixnormalizer'
PACKAGE_BUGREPORT=''
PACKAGE_NAME='kiwixnormalizer'
PACKAGE_STRING='kiwixnormalizer 0.1'
PACKAGE_TARNAME='kiwixnormalizer'
PACKAGE_VERSION='0.1'
PATH_SEPARATOR=':'
SET_MAKE=''
SHELL='/bin/sh'
VERSION='0.1'
ac_ct_CC='gcc'
ac_ct_CXX='g++'
ac_ct_HAVE_PKG='pkg-config'
bindir='${exec_prefix}/bin'
build='i686-pc-linux-gnu'
build_alias=''
build_cpu='i686'
build_os='linux-gnu'
build_vendor='pc'
datadir='${prefix}/share'
exec_prefix='${prefix}'
host='i686-pc-linux-gnu'
host_alias=''
host_cpu='i686'
host_os='linux-gnu'
host_vendor='pc'
includedir='${prefix}/include'
infodir='${prefix}/info'
libdir='${exec_prefix}/lib'
libexecdir='${exec_prefix}/libexec'
localstatedir='${prefix}/var'
mandir='${prefix}/man'
oldincludedir='/usr/include'
prefix='/usr/local'
program_transform_name='s,x,x,'
sbindir='${exec_prefix}/sbin'
sharedstatedir='${prefix}/com'
sysconfdir='${prefix}/etc'
target='i686-pc-linux-gnu'
target_alias=''
target_cpu='i686'
target_os='linux-gnu'
target_vendor='pc'

## ----------- ##
## confdefs.h. ##
## ----------- ##

#define PACKAGE "kiwixnormalizer"
#define PACKAGE_BUGREPORT ""
#define PACKAGE_NAME "kiwixnormalizer"
#define PACKAGE_STRING "kiwixnormalizer 0.1"
#define PACKAGE_TARNAME "kiwixnormalizer"
#define PACKAGE_VERSION "0.1"
#define VERSION "0.1"
#endif
#ifdef __cplusplus
extern "C" void std::exit (int) throw (); using std::exit;

configure: exit 0

## ---------------------- ##
## Running config.status. ##
## ---------------------- ##

This file was extended by kiwixnormalizer config.status 0.1, which was
generated by GNU Autoconf 2.59.  Invocation command line was

  CONFIG_FILES    = Makefile
  CONFIG_HEADERS  = 
  CONFIG_LINKS    = 
  CONFIG_COMMANDS = 
  $ ./config.status 

on fcoulon-desktop

config.status:704: creating Makefile

## ---------------------- ##
## Running config.status. ##
## ---------------------- ##

This file was extended by kiwixnormalizer config.status 0.1, which was
generated by GNU Autoconf 2.59.  Invocation command line was

  CONFIG_FILES    = src/Makefile
  CONFIG_HEADERS  = 
  CONFIG_LINKS    = 
  CONFIG_COMMANDS = 
  $ ./config.status 

on fcoulon-desktop

config.status:704: creating src/Makefile
